<?xml version="1.0" encoding="UTF-8"?>
<!-- Generated by org.testng.reporters.JUnitReportReporter -->
<testsuite hostname="DESKTOP-OP8MV1K" failures="0" tests="1" name="ar.org.icaro.automatizacion.runner.CucumberRunnerTests" time="15.665" errors="0" timestamp="2024-01-30T19:46:04 ART" skipped="0">
  <testcase classname="ar.org.icaro.automatizacion.runner.CucumberRunnerTests" name="runScenario" time="15.665"/>
</testsuite> <!-- ar.org.icaro.automatizacion.runner.CucumberRunnerTests -->
